{"E:\\IncuByte\\Sweet-shop-management\\backend\\src\\app.js": {"path":"E:\\IncuByte\\Sweet-shop-management\\backend\\src\\app.js","statementMap":{"0":{"start":{"line":1,"column":16},"end":{"line":1,"column":34}},"1":{"start":{"line":2,"column":12},"end":{"line":2,"column":21}},"2":{"start":{"line":3,"column":19},"end":{"line":3,"column":43}},"3":{"start":{"line":4,"column":18},"end":{"line":4,"column":44}},"4":{"start":{"line":5,"column":0},"end":{"line":5,"column":24}},"5":{"start":{"line":7,"column":0},"end":{"line":7,"column":33}},"6":{"start":{"line":9,"column":0},"end":{"line":9,"column":35}},"7":{"start":{"line":11,"column":0},"end":{"line":11,"column":19}}},"fnMap":{},"branchMap":{},"s":{"0":2,"1":2,"2":2,"3":2,"4":2,"5":2,"6":2,"7":2},"f":{},"b":{},"_coverageSchema":"1a1c01bbd47fc00a2c39e90264f33305004495a9","hash":"c4aca0eb6d997b69ab0c22253966a7213f13e59a"}
,"E:\\IncuByte\\Sweet-shop-management\\backend\\src\\config\\prisma.js": {"path":"E:\\IncuByte\\Sweet-shop-management\\backend\\src\\config\\prisma.js","statementMap":{"0":{"start":{"line":1,"column":25},"end":{"line":1,"column":50}},"1":{"start":{"line":5,"column":15},"end":{"line":5,"column":50}},"2":{"start":{"line":7,"column":0},"end":{"line":9,"column":1}},"3":{"start":{"line":8,"column":2},"end":{"line":8,"column":25}},"4":{"start":{"line":11,"column":0},"end":{"line":11,"column":24}}},"fnMap":{},"branchMap":{"0":{"loc":{"start":{"line":5,"column":15},"end":{"line":5,"column":50}},"type":"binary-expr","locations":[{"start":{"line":5,"column":15},"end":{"line":5,"column":28}},{"start":{"line":5,"column":32},"end":{"line":5,"column":50}}],"line":5},"1":{"loc":{"start":{"line":7,"column":0},"end":{"line":9,"column":1}},"type":"if","locations":[{"start":{"line":7,"column":0},"end":{"line":9,"column":1}},{"start":{},"end":{}}],"line":7}},"s":{"0":2,"1":2,"2":2,"3":2,"4":2},"f":{},"b":{"0":[2,2],"1":[2,0]},"_coverageSchema":"1a1c01bbd47fc00a2c39e90264f33305004495a9","hash":"a5aa2dbe7a42d2ecab5eca6e16539e5f65881ea8"}
,"E:\\IncuByte\\Sweet-shop-management\\backend\\src\\controllers\\authController.js": {"path":"E:\\IncuByte\\Sweet-shop-management\\backend\\src\\controllers\\authController.js","statementMap":{"0":{"start":{"line":1,"column":18},"end":{"line":1,"column":52}},"1":{"start":{"line":3,"column":18},"end":{"line":6,"column":1}},"2":{"start":{"line":4,"column":21},"end":{"line":4,"column":68}},"3":{"start":{"line":5,"column":4},"end":{"line":5,"column":57}},"4":{"start":{"line":7,"column":15},"end":{"line":22,"column":5}},"5":{"start":{"line":8,"column":47},"end":{"line":8,"column":55}},"6":{"start":{"line":10,"column":4},"end":{"line":12,"column":5}},"7":{"start":{"line":11,"column":8},"end":{"line":11,"column":83}},"8":{"start":{"line":14,"column":4},"end":{"line":21,"column":9}},"9":{"start":{"line":15,"column":19},"end":{"line":16,"column":41}},"10":{"start":{"line":18,"column":12},"end":{"line":18,"column":80}},"11":{"start":{"line":20,"column":12},"end":{"line":20,"column":34}},"12":{"start":{"line":24,"column":16},"end":{"line":37,"column":5}},"13":{"start":{"line":25,"column":31},"end":{"line":25,"column":39}},"14":{"start":{"line":27,"column":8},"end":{"line":29,"column":9}},"15":{"start":{"line":28,"column":12},"end":{"line":28,"column":87}},"16":{"start":{"line":31,"column":8},"end":{"line":36,"column":9}},"17":{"start":{"line":32,"column":24},"end":{"line":32,"column":67}},"18":{"start":{"line":33,"column":12},"end":{"line":33,"column":69}},"19":{"start":{"line":35,"column":10},"end":{"line":35,"column":33}},"20":{"start":{"line":39,"column":4},"end":{"line":42,"column":6}}},"fnMap":{"0":{"name":"(anonymous_0)","decl":{"start":{"line":3,"column":18},"end":{"line":3,"column":19}},"loc":{"start":{"line":3,"column":31},"end":{"line":6,"column":1}},"line":3},"1":{"name":"(anonymous_1)","decl":{"start":{"line":7,"column":15},"end":{"line":7,"column":16}},"loc":{"start":{"line":7,"column":31},"end":{"line":22,"column":5}},"line":7},"2":{"name":"(anonymous_2)","decl":{"start":{"line":24,"column":16},"end":{"line":24,"column":17}},"loc":{"start":{"line":24,"column":32},"end":{"line":37,"column":5}},"line":24}},"branchMap":{"0":{"loc":{"start":{"line":4,"column":21},"end":{"line":4,"column":68}},"type":"cond-expr","locations":[{"start":{"line":4,"column":61},"end":{"line":4,"column":64}},{"start":{"line":4,"column":65},"end":{"line":4,"column":68}}],"line":4},"1":{"loc":{"start":{"line":10,"column":4},"end":{"line":12,"column":5}},"type":"if","locations":[{"start":{"line":10,"column":4},"end":{"line":12,"column":5}},{"start":{},"end":{}}],"line":10},"2":{"loc":{"start":{"line":10,"column":7},"end":{"line":10,"column":26}},"type":"binary-expr","locations":[{"start":{"line":10,"column":7},"end":{"line":10,"column":13}},{"start":{"line":10,"column":17},"end":{"line":10,"column":26}}],"line":10},"3":{"loc":{"start":{"line":27,"column":8},"end":{"line":29,"column":9}},"type":"if","locations":[{"start":{"line":27,"column":8},"end":{"line":29,"column":9}},{"start":{},"end":{}}],"line":27},"4":{"loc":{"start":{"line":27,"column":11},"end":{"line":27,"column":30}},"type":"binary-expr","locations":[{"start":{"line":27,"column":11},"end":{"line":27,"column":17}},{"start":{"line":27,"column":21},"end":{"line":27,"column":30}}],"line":27}},"s":{"0":2,"1":2,"2":0,"3":0,"4":2,"5":1,"6":1,"7":0,"8":1,"9":1,"10":1,"11":0,"12":2,"13":0,"14":0,"15":0,"16":0,"17":0,"18":0,"19":0,"20":2},"f":{"0":0,"1":1,"2":0},"b":{"0":[0,0],"1":[0,1],"2":[1,1],"3":[0,0],"4":[0,0]},"_coverageSchema":"1a1c01bbd47fc00a2c39e90264f33305004495a9","hash":"d914db788316068f20869eb1203cdd4483792d8d"}
,"E:\\IncuByte\\Sweet-shop-management\\backend\\src\\controllers\\sweetController.js": {"path":"E:\\IncuByte\\Sweet-shop-management\\backend\\src\\controllers\\sweetController.js","statementMap":{"0":{"start":{"line":24,"column":21},"end":{"line":24,"column":56}},"1":{"start":{"line":27,"column":20},"end":{"line":39,"column":1}},"2":{"start":{"line":28,"column":2},"end":{"line":28,"column":23}},"3":{"start":{"line":30,"column":2},"end":{"line":32,"column":3}},"4":{"start":{"line":31,"column":4},"end":{"line":31,"column":60}},"5":{"start":{"line":34,"column":2},"end":{"line":36,"column":3}},"6":{"start":{"line":35,"column":4},"end":{"line":35,"column":84}},"7":{"start":{"line":38,"column":2},"end":{"line":38,"column":74}},"8":{"start":{"line":42,"column":17},"end":{"line":49,"column":1}},"9":{"start":{"line":43,"column":2},"end":{"line":48,"column":3}},"10":{"start":{"line":44,"column":18},"end":{"line":44,"column":55}},"11":{"start":{"line":45,"column":4},"end":{"line":45,"column":32}},"12":{"start":{"line":47,"column":4},"end":{"line":47,"column":28}},"13":{"start":{"line":52,"column":21},"end":{"line":59,"column":1}},"14":{"start":{"line":53,"column":2},"end":{"line":58,"column":3}},"15":{"start":{"line":54,"column":19},"end":{"line":54,"column":52}},"16":{"start":{"line":55,"column":4},"end":{"line":55,"column":33}},"17":{"start":{"line":57,"column":4},"end":{"line":57,"column":28}},"18":{"start":{"line":62,"column":21},"end":{"line":73,"column":1}},"19":{"start":{"line":63,"column":2},"end":{"line":72,"column":3}},"20":{"start":{"line":64,"column":18},"end":{"line":64,"column":27}},"21":{"start":{"line":65,"column":4},"end":{"line":67,"column":5}},"22":{"start":{"line":66,"column":6},"end":{"line":66,"column":92}},"23":{"start":{"line":68,"column":19},"end":{"line":68,"column":53}},"24":{"start":{"line":69,"column":4},"end":{"line":69,"column":33}},"25":{"start":{"line":71,"column":4},"end":{"line":71,"column":28}},"26":{"start":{"line":76,"column":20},"end":{"line":83,"column":1}},"27":{"start":{"line":77,"column":2},"end":{"line":82,"column":3}},"28":{"start":{"line":78,"column":18},"end":{"line":78,"column":73}},"29":{"start":{"line":79,"column":4},"end":{"line":79,"column":32}},"30":{"start":{"line":81,"column":4},"end":{"line":81,"column":28}},"31":{"start":{"line":86,"column":20},"end":{"line":93,"column":1}},"32":{"start":{"line":87,"column":2},"end":{"line":92,"column":3}},"33":{"start":{"line":88,"column":4},"end":{"line":88,"column":50}},"34":{"start":{"line":89,"column":4},"end":{"line":89,"column":69}},"35":{"start":{"line":91,"column":4},"end":{"line":91,"column":28}},"36":{"start":{"line":96,"column":22},"end":{"line":107,"column":1}},"37":{"start":{"line":97,"column":2},"end":{"line":106,"column":3}},"38":{"start":{"line":98,"column":25},"end":{"line":98,"column":33}},"39":{"start":{"line":99,"column":4},"end":{"line":101,"column":5}},"40":{"start":{"line":100,"column":6},"end":{"line":100,"column":101}},"41":{"start":{"line":102,"column":18},"end":{"line":102,"column":75}},"42":{"start":{"line":103,"column":4},"end":{"line":103,"column":68}},"43":{"start":{"line":105,"column":4},"end":{"line":105,"column":28}},"44":{"start":{"line":110,"column":21},"end":{"line":121,"column":1}},"45":{"start":{"line":111,"column":2},"end":{"line":120,"column":3}},"46":{"start":{"line":112,"column":25},"end":{"line":112,"column":33}},"47":{"start":{"line":113,"column":4},"end":{"line":115,"column":5}},"48":{"start":{"line":114,"column":6},"end":{"line":114,"column":101}},"49":{"start":{"line":116,"column":18},"end":{"line":116,"column":74}},"50":{"start":{"line":117,"column":4},"end":{"line":117,"column":67}},"51":{"start":{"line":119,"column":4},"end":{"line":119,"column":28}},"52":{"start":{"line":123,"column":0},"end":{"line":131,"column":2}}},"fnMap":{"0":{"name":"(anonymous_0)","decl":{"start":{"line":27,"column":20},"end":{"line":27,"column":21}},"loc":{"start":{"line":27,"column":36},"end":{"line":39,"column":1}},"line":27},"1":{"name":"(anonymous_1)","decl":{"start":{"line":42,"column":17},"end":{"line":42,"column":18}},"loc":{"start":{"line":42,"column":37},"end":{"line":49,"column":1}},"line":42},"2":{"name":"(anonymous_2)","decl":{"start":{"line":52,"column":21},"end":{"line":52,"column":22}},"loc":{"start":{"line":52,"column":41},"end":{"line":59,"column":1}},"line":52},"3":{"name":"(anonymous_3)","decl":{"start":{"line":62,"column":21},"end":{"line":62,"column":22}},"loc":{"start":{"line":62,"column":41},"end":{"line":73,"column":1}},"line":62},"4":{"name":"(anonymous_4)","decl":{"start":{"line":76,"column":20},"end":{"line":76,"column":21}},"loc":{"start":{"line":76,"column":40},"end":{"line":83,"column":1}},"line":76},"5":{"name":"(anonymous_5)","decl":{"start":{"line":86,"column":20},"end":{"line":86,"column":21}},"loc":{"start":{"line":86,"column":40},"end":{"line":93,"column":1}},"line":86},"6":{"name":"(anonymous_6)","decl":{"start":{"line":96,"column":22},"end":{"line":96,"column":23}},"loc":{"start":{"line":96,"column":42},"end":{"line":107,"column":1}},"line":96},"7":{"name":"(anonymous_7)","decl":{"start":{"line":110,"column":21},"end":{"line":110,"column":22}},"loc":{"start":{"line":110,"column":41},"end":{"line":121,"column":1}},"line":110}},"branchMap":{"0":{"loc":{"start":{"line":30,"column":2},"end":{"line":32,"column":3}},"type":"if","locations":[{"start":{"line":30,"column":2},"end":{"line":32,"column":3}},{"start":{},"end":{}}],"line":30},"1":{"loc":{"start":{"line":30,"column":6},"end":{"line":30,"column":93}},"type":"binary-expr","locations":[{"start":{"line":30,"column":6},"end":{"line":30,"column":48}},{"start":{"line":30,"column":52},"end":{"line":30,"column":93}}],"line":30},"2":{"loc":{"start":{"line":34,"column":2},"end":{"line":36,"column":3}},"type":"if","locations":[{"start":{"line":34,"column":2},"end":{"line":36,"column":3}},{"start":{},"end":{}}],"line":34},"3":{"loc":{"start":{"line":65,"column":4},"end":{"line":67,"column":5}},"type":"if","locations":[{"start":{"line":65,"column":4},"end":{"line":67,"column":5}},{"start":{},"end":{}}],"line":65},"4":{"loc":{"start":{"line":99,"column":4},"end":{"line":101,"column":5}},"type":"if","locations":[{"start":{"line":99,"column":4},"end":{"line":101,"column":5}},{"start":{},"end":{}}],"line":99},"5":{"loc":{"start":{"line":99,"column":8},"end":{"line":99,"column":66}},"type":"binary-expr","locations":[{"start":{"line":99,"column":8},"end":{"line":99,"column":17}},{"start":{"line":99,"column":21},"end":{"line":99,"column":49}},{"start":{"line":99,"column":53},"end":{"line":99,"column":66}}],"line":99},"6":{"loc":{"start":{"line":113,"column":4},"end":{"line":115,"column":5}},"type":"if","locations":[{"start":{"line":113,"column":4},"end":{"line":115,"column":5}},{"start":{},"end":{}}],"line":113},"7":{"loc":{"start":{"line":113,"column":8},"end":{"line":113,"column":66}},"type":"binary-expr","locations":[{"start":{"line":113,"column":8},"end":{"line":113,"column":17}},{"start":{"line":113,"column":21},"end":{"line":113,"column":49}},{"start":{"line":113,"column":53},"end":{"line":113,"column":66}}],"line":113}},"s":{"0":2,"1":2,"2":1,"3":1,"4":1,"5":0,"6":0,"7":0,"8":2,"9":1,"10":1,"11":1,"12":0,"13":2,"14":2,"15":2,"16":2,"17":0,"18":2,"19":0,"20":0,"21":0,"22":0,"23":0,"24":0,"25":0,"26":2,"27":1,"28":1,"29":1,"30":0,"31":2,"32":1,"33":1,"34":1,"35":0,"36":2,"37":2,"38":2,"39":2,"40":0,"41":2,"42":1,"43":1,"44":2,"45":1,"46":1,"47":1,"48":0,"49":1,"50":1,"51":0,"52":2},"f":{"0":1,"1":1,"2":2,"3":0,"4":1,"5":1,"6":2,"7":1},"b":{"0":[1,0],"1":[1,0],"2":[0,0],"3":[0,0],"4":[0,2],"5":[2,2,2],"6":[0,1],"7":[1,1,1]},"_coverageSchema":"1a1c01bbd47fc00a2c39e90264f33305004495a9","hash":"d96c0015a97358d4056928b48baf3e8f4951ea65"}
,"E:\\IncuByte\\Sweet-shop-management\\backend\\src\\middleware\\authenticate.js": {"path":"E:\\IncuByte\\Sweet-shop-management\\backend\\src\\middleware\\authenticate.js","statementMap":{"0":{"start":{"line":1,"column":10},"end":{"line":1,"column":33}},"1":{"start":{"line":2,"column":13},"end":{"line":2,"column":40}},"2":{"start":{"line":4,"column":19},"end":{"line":27,"column":1}},"3":{"start":{"line":5,"column":21},"end":{"line":5,"column":46}},"4":{"start":{"line":7,"column":4},"end":{"line":9,"column":5}},"5":{"start":{"line":8,"column":8},"end":{"line":8,"column":81}},"6":{"start":{"line":10,"column":16},"end":{"line":10,"column":40}},"7":{"start":{"line":12,"column":4},"end":{"line":26,"column":5}},"8":{"start":{"line":13,"column":29},"end":{"line":13,"column":69}},"9":{"start":{"line":15,"column":19},"end":{"line":17,"column":10}},"10":{"start":{"line":19,"column":8},"end":{"line":21,"column":9}},"11":{"start":{"line":20,"column":12},"end":{"line":20,"column":81}},"12":{"start":{"line":22,"column":8},"end":{"line":22,"column":22}},"13":{"start":{"line":23,"column":8},"end":{"line":23,"column":15}},"14":{"start":{"line":25,"column":8},"end":{"line":25,"column":75}},"15":{"start":{"line":28,"column":0},"end":{"line":28,"column":28}}},"fnMap":{"0":{"name":"(anonymous_0)","decl":{"start":{"line":4,"column":19},"end":{"line":4,"column":20}},"loc":{"start":{"line":4,"column":40},"end":{"line":27,"column":1}},"line":4}},"branchMap":{"0":{"loc":{"start":{"line":7,"column":4},"end":{"line":9,"column":5}},"type":"if","locations":[{"start":{"line":7,"column":4},"end":{"line":9,"column":5}},{"start":{},"end":{}}],"line":7},"1":{"loc":{"start":{"line":7,"column":7},"end":{"line":7,"column":54}},"type":"binary-expr","locations":[{"start":{"line":7,"column":7},"end":{"line":7,"column":18}},{"start":{"line":7,"column":22},"end":{"line":7,"column":54}}],"line":7},"2":{"loc":{"start":{"line":19,"column":8},"end":{"line":21,"column":9}},"type":"if","locations":[{"start":{"line":19,"column":8},"end":{"line":21,"column":9}},{"start":{},"end":{}}],"line":19}},"s":{"0":1,"1":1,"2":1,"3":0,"4":0,"5":0,"6":0,"7":0,"8":0,"9":0,"10":0,"11":0,"12":0,"13":0,"14":0,"15":1},"f":{"0":0},"b":{"0":[0,0],"1":[0,0],"2":[0,0]},"_coverageSchema":"1a1c01bbd47fc00a2c39e90264f33305004495a9","hash":"ead2f96d2a21c5c2c2a3e44bb005e7795742c07c"}
,"E:\\IncuByte\\Sweet-shop-management\\backend\\src\\middleware\\authorize.js": {"path":"E:\\IncuByte\\Sweet-shop-management\\backend\\src\\middleware\\authorize.js","statementMap":{"0":{"start":{"line":1,"column":16},"end":{"line":11,"column":1}},"1":{"start":{"line":2,"column":4},"end":{"line":10,"column":6}},"2":{"start":{"line":3,"column":23},"end":{"line":3,"column":37}},"3":{"start":{"line":5,"column":8},"end":{"line":9,"column":9}},"4":{"start":{"line":6,"column":12},"end":{"line":6,"column":19}},"5":{"start":{"line":8,"column":12},"end":{"line":8,"column":108}},"6":{"start":{"line":12,"column":0},"end":{"line":12,"column":25}}},"fnMap":{"0":{"name":"(anonymous_0)","decl":{"start":{"line":1,"column":16},"end":{"line":1,"column":17}},"loc":{"start":{"line":1,"column":32},"end":{"line":11,"column":1}},"line":1},"1":{"name":"(anonymous_1)","decl":{"start":{"line":2,"column":10},"end":{"line":2,"column":11}},"loc":{"start":{"line":2,"column":26},"end":{"line":10,"column":5}},"line":2}},"branchMap":{"0":{"loc":{"start":{"line":5,"column":8},"end":{"line":9,"column":9}},"type":"if","locations":[{"start":{"line":5,"column":8},"end":{"line":9,"column":9}},{"start":{"line":7,"column":13},"end":{"line":9,"column":9}}],"line":5},"1":{"loc":{"start":{"line":5,"column":11},"end":{"line":5,"column":54}},"type":"binary-expr","locations":[{"start":{"line":5,"column":11},"end":{"line":5,"column":19}},{"start":{"line":5,"column":23},"end":{"line":5,"column":54}}],"line":5}},"s":{"0":2,"1":8,"2":6,"3":6,"4":4,"5":2,"6":2},"f":{"0":8,"1":6},"b":{"0":[4,2],"1":[6,5]},"_coverageSchema":"1a1c01bbd47fc00a2c39e90264f33305004495a9","hash":"02fe426977f964fbdc80b98fe6ff1e060f4e9e6f"}
,"E:\\IncuByte\\Sweet-shop-management\\backend\\src\\routes\\auth.js": {"path":"E:\\IncuByte\\Sweet-shop-management\\backend\\src\\routes\\auth.js","statementMap":{"0":{"start":{"line":1,"column":14},"end":{"line":1,"column":32}},"1":{"start":{"line":2,"column":13},"end":{"line":2,"column":29}},"2":{"start":{"line":4,"column":21},"end":{"line":4,"column":61}},"3":{"start":{"line":6,"column":0},"end":{"line":6,"column":49}},"4":{"start":{"line":8,"column":0},"end":{"line":8,"column":43}},"5":{"start":{"line":10,"column":0},"end":{"line":10,"column":22}}},"fnMap":{},"branchMap":{},"s":{"0":2,"1":2,"2":2,"3":2,"4":2,"5":2},"f":{},"b":{},"_coverageSchema":"1a1c01bbd47fc00a2c39e90264f33305004495a9","hash":"adb80daf8639d7e1c227d5f5e924be118b3b37cf"}
,"E:\\IncuByte\\Sweet-shop-management\\backend\\src\\routes\\sweets.js": {"path":"E:\\IncuByte\\Sweet-shop-management\\backend\\src\\routes\\sweets.js","statementMap":{"0":{"start":{"line":14,"column":16},"end":{"line":14,"column":34}},"1":{"start":{"line":15,"column":15},"end":{"line":15,"column":31}},"2":{"start":{"line":16,"column":24},"end":{"line":16,"column":65}},"3":{"start":{"line":17,"column":21},"end":{"line":17,"column":58}},"4":{"start":{"line":18,"column":18},"end":{"line":18,"column":52}},"5":{"start":{"line":22,"column":0},"end":{"line":22,"column":79}},"6":{"start":{"line":26,"column":0},"end":{"line":26,"column":60}},"7":{"start":{"line":30,"column":0},"end":{"line":30,"column":66}},"8":{"start":{"line":34,"column":0},"end":{"line":34,"column":84}},"9":{"start":{"line":38,"column":0},"end":{"line":38,"column":87}},"10":{"start":{"line":42,"column":0},"end":{"line":42,"column":74}},"11":{"start":{"line":46,"column":0},"end":{"line":46,"column":94}},"12":{"start":{"line":48,"column":0},"end":{"line":48,"column":24}}},"fnMap":{},"branchMap":{},"s":{"0":2,"1":2,"2":2,"3":2,"4":2,"5":2,"6":2,"7":2,"8":2,"9":2,"10":2,"11":2,"12":2},"f":{},"b":{},"_coverageSchema":"1a1c01bbd47fc00a2c39e90264f33305004495a9","hash":"cb0f17228212605eb929ae9f2ad65c93801bd90a"}
,"E:\\IncuByte\\Sweet-shop-management\\backend\\src\\services\\authService.js": {"path":"E:\\IncuByte\\Sweet-shop-management\\backend\\src\\services\\authService.js","statementMap":{"0":{"start":{"line":1,"column":13},"end":{"line":1,"column":40}},"1":{"start":{"line":2,"column":13},"end":{"line":2,"column":32}},"2":{"start":{"line":3,"column":10},"end":{"line":3,"column":33}},"3":{"start":{"line":5,"column":19},"end":{"line":34,"column":1}},"4":{"start":{"line":6,"column":23},"end":{"line":6,"column":68}},"5":{"start":{"line":7,"column":4},"end":{"line":9,"column":5}},"6":{"start":{"line":8,"column":8},"end":{"line":8,"column":48}},"7":{"start":{"line":11,"column":17},"end":{"line":11,"column":35}},"8":{"start":{"line":13,"column":4},"end":{"line":20,"column":5}},"9":{"start":{"line":14,"column":8},"end":{"line":16,"column":9}},"10":{"start":{"line":15,"column":12},"end":{"line":15,"column":73}},"11":{"start":{"line":19,"column":8},"end":{"line":19,"column":28}},"12":{"start":{"line":23,"column":25},"end":{"line":23,"column":55}},"13":{"start":{"line":25,"column":15},"end":{"line":31,"column":6}},"14":{"start":{"line":32,"column":4},"end":{"line":32,"column":25}},"15":{"start":{"line":33,"column":4},"end":{"line":33,"column":16}},"16":{"start":{"line":37,"column":16},"end":{"line":54,"column":1}},"17":{"start":{"line":38,"column":15},"end":{"line":38,"column":60}},"18":{"start":{"line":39,"column":4},"end":{"line":41,"column":5}},"19":{"start":{"line":40,"column":8},"end":{"line":40,"column":47}},"20":{"start":{"line":43,"column":26},"end":{"line":43,"column":70}},"21":{"start":{"line":44,"column":4},"end":{"line":46,"column":5}},"22":{"start":{"line":45,"column":8},"end":{"line":45,"column":47}},"23":{"start":{"line":48,"column":16},"end":{"line":52,"column":5}},"24":{"start":{"line":53,"column":4},"end":{"line":53,"column":17}},"25":{"start":{"line":56,"column":0},"end":{"line":59,"column":2}}},"fnMap":{"0":{"name":"(anonymous_0)","decl":{"start":{"line":5,"column":19},"end":{"line":5,"column":20}},"loc":{"start":{"line":5,"column":78},"end":{"line":34,"column":1}},"line":5},"1":{"name":"(anonymous_1)","decl":{"start":{"line":37,"column":16},"end":{"line":37,"column":17}},"loc":{"start":{"line":37,"column":39},"end":{"line":54,"column":1}},"line":37}},"branchMap":{"0":{"loc":{"start":{"line":5,"column":40},"end":{"line":5,"column":55}},"type":"default-arg","locations":[{"start":{"line":5,"column":45},"end":{"line":5,"column":55}}],"line":5},"1":{"loc":{"start":{"line":5,"column":56},"end":{"line":5,"column":75}},"type":"default-arg","locations":[{"start":{"line":5,"column":71},"end":{"line":5,"column":75}}],"line":5},"2":{"loc":{"start":{"line":7,"column":4},"end":{"line":9,"column":5}},"type":"if","locations":[{"start":{"line":7,"column":4},"end":{"line":9,"column":5}},{"start":{},"end":{}}],"line":7},"3":{"loc":{"start":{"line":13,"column":4},"end":{"line":20,"column":5}},"type":"if","locations":[{"start":{"line":13,"column":4},"end":{"line":20,"column":5}},{"start":{"line":18,"column":8},"end":{"line":20,"column":5}}],"line":13},"4":{"loc":{"start":{"line":14,"column":8},"end":{"line":16,"column":9}},"type":"if","locations":[{"start":{"line":14,"column":8},"end":{"line":16,"column":9}},{"start":{},"end":{}}],"line":14},"5":{"loc":{"start":{"line":14,"column":11},"end":{"line":14,"column":74}},"type":"binary-expr","locations":[{"start":{"line":14,"column":11},"end":{"line":14,"column":26}},{"start":{"line":14,"column":30},"end":{"line":14,"column":74}}],"line":14},"6":{"loc":{"start":{"line":39,"column":4},"end":{"line":41,"column":5}},"type":"if","locations":[{"start":{"line":39,"column":4},"end":{"line":41,"column":5}},{"start":{},"end":{}}],"line":39},"7":{"loc":{"start":{"line":44,"column":4},"end":{"line":46,"column":5}},"type":"if","locations":[{"start":{"line":44,"column":4},"end":{"line":46,"column":5}},{"start":{},"end":{}}],"line":44}},"s":{"0":2,"1":2,"2":2,"3":2,"4":1,"5":1,"6":0,"7":1,"8":1,"9":0,"10":0,"11":1,"12":1,"13":1,"14":1,"15":1,"16":2,"17":0,"18":0,"19":0,"20":0,"21":0,"22":0,"23":0,"24":0,"25":2},"f":{"0":1,"1":0},"b":{"0":[1],"1":[1],"2":[0,1],"3":[0,1],"4":[0,0],"5":[0,0],"6":[0,0],"7":[0,0]},"_coverageSchema":"1a1c01bbd47fc00a2c39e90264f33305004495a9","hash":"77eb56072e88f216a4a3bd2a710ce21072d14daf"}
,"E:\\IncuByte\\Sweet-shop-management\\backend\\src\\services\\sweetService.js": {"path":"E:\\IncuByte\\Sweet-shop-management\\backend\\src\\services\\sweetService.js","statementMap":{"0":{"start":{"line":46,"column":15},"end":{"line":46,"column":42}},"1":{"start":{"line":51,"column":17},"end":{"line":59,"column":1}},"2":{"start":{"line":53,"column":20},"end":{"line":57,"column":3}},"3":{"start":{"line":58,"column":2},"end":{"line":58,"column":50}},"4":{"start":{"line":64,"column":21},"end":{"line":66,"column":1}},"5":{"start":{"line":65,"column":2},"end":{"line":65,"column":33}},"6":{"start":{"line":71,"column":21},"end":{"line":80,"column":1}},"7":{"start":{"line":72,"column":2},"end":{"line":79,"column":5}},"8":{"start":{"line":85,"column":20},"end":{"line":94,"column":1}},"9":{"start":{"line":86,"column":20},"end":{"line":86,"column":31}},"10":{"start":{"line":87,"column":2},"end":{"line":87,"column":59}},"11":{"start":{"line":87,"column":18},"end":{"line":87,"column":59}},"12":{"start":{"line":88,"column":2},"end":{"line":88,"column":70}},"13":{"start":{"line":88,"column":21},"end":{"line":88,"column":70}},"14":{"start":{"line":90,"column":2},"end":{"line":93,"column":5}},"15":{"start":{"line":99,"column":20},"end":{"line":103,"column":1}},"16":{"start":{"line":100,"column":2},"end":{"line":102,"column":5}},"17":{"start":{"line":108,"column":22},"end":{"line":127,"column":1}},"18":{"start":{"line":109,"column":16},"end":{"line":109,"column":82}},"19":{"start":{"line":111,"column":2},"end":{"line":113,"column":3}},"20":{"start":{"line":112,"column":4},"end":{"line":112,"column":39}},"21":{"start":{"line":115,"column":2},"end":{"line":117,"column":3}},"22":{"start":{"line":116,"column":4},"end":{"line":116,"column":50}},"23":{"start":{"line":119,"column":2},"end":{"line":126,"column":5}},"24":{"start":{"line":132,"column":21},"end":{"line":141,"column":1}},"25":{"start":{"line":133,"column":2},"end":{"line":140,"column":5}},"26":{"start":{"line":143,"column":0},"end":{"line":151,"column":2}}},"fnMap":{"0":{"name":"(anonymous_0)","decl":{"start":{"line":51,"column":17},"end":{"line":51,"column":18}},"loc":{"start":{"line":51,"column":33},"end":{"line":59,"column":1}},"line":51},"1":{"name":"(anonymous_1)","decl":{"start":{"line":64,"column":21},"end":{"line":64,"column":22}},"loc":{"start":{"line":64,"column":33},"end":{"line":66,"column":1}},"line":64},"2":{"name":"(anonymous_2)","decl":{"start":{"line":71,"column":21},"end":{"line":71,"column":22}},"loc":{"start":{"line":71,"column":38},"end":{"line":80,"column":1}},"line":71},"3":{"name":"(anonymous_3)","decl":{"start":{"line":85,"column":20},"end":{"line":85,"column":21}},"loc":{"start":{"line":85,"column":40},"end":{"line":94,"column":1}},"line":85},"4":{"name":"(anonymous_4)","decl":{"start":{"line":99,"column":20},"end":{"line":99,"column":21}},"loc":{"start":{"line":99,"column":34},"end":{"line":103,"column":1}},"line":99},"5":{"name":"(anonymous_5)","decl":{"start":{"line":108,"column":22},"end":{"line":108,"column":23}},"loc":{"start":{"line":108,"column":54},"end":{"line":127,"column":1}},"line":108},"6":{"name":"(anonymous_6)","decl":{"start":{"line":132,"column":21},"end":{"line":132,"column":22}},"loc":{"start":{"line":132,"column":52},"end":{"line":141,"column":1}},"line":132}},"branchMap":{"0":{"loc":{"start":{"line":87,"column":2},"end":{"line":87,"column":59}},"type":"if","locations":[{"start":{"line":87,"column":2},"end":{"line":87,"column":59}},{"start":{},"end":{}}],"line":87},"1":{"loc":{"start":{"line":88,"column":2},"end":{"line":88,"column":70}},"type":"if","locations":[{"start":{"line":88,"column":2},"end":{"line":88,"column":70}},{"start":{},"end":{}}],"line":88},"2":{"loc":{"start":{"line":111,"column":2},"end":{"line":113,"column":3}},"type":"if","locations":[{"start":{"line":111,"column":2},"end":{"line":113,"column":3}},{"start":{},"end":{}}],"line":111},"3":{"loc":{"start":{"line":115,"column":2},"end":{"line":117,"column":3}},"type":"if","locations":[{"start":{"line":115,"column":2},"end":{"line":117,"column":3}},{"start":{},"end":{}}],"line":115}},"s":{"0":2,"1":2,"2":1,"3":1,"4":2,"5":2,"6":2,"7":0,"8":2,"9":1,"10":1,"11":1,"12":1,"13":1,"14":1,"15":2,"16":1,"17":2,"18":2,"19":2,"20":0,"21":2,"22":1,"23":1,"24":2,"25":1,"26":2},"f":{"0":1,"1":2,"2":0,"3":1,"4":1,"5":2,"6":1},"b":{"0":[1,0],"1":[1,0],"2":[0,2],"3":[1,1]},"_coverageSchema":"1a1c01bbd47fc00a2c39e90264f33305004495a9","hash":"2365b697f258a0bca3e71b3421deced32217f7c2"}
}
