{"E:\\IncuByte\\Sweet-shop-management\\backend\\src\\app.js": {"path":"E:\\IncuByte\\Sweet-shop-management\\backend\\src\\app.js","statementMap":{"0":{"start":{"line":1,"column":16},"end":{"line":1,"column":34}},"1":{"start":{"line":2,"column":12},"end":{"line":2,"column":21}},"2":{"start":{"line":3,"column":19},"end":{"line":3,"column":43}},"3":{"start":{"line":4,"column":18},"end":{"line":4,"column":44}},"4":{"start":{"line":5,"column":0},"end":{"line":5,"column":24}},"5":{"start":{"line":7,"column":0},"end":{"line":7,"column":33}},"6":{"start":{"line":9,"column":0},"end":{"line":9,"column":35}},"7":{"start":{"line":11,"column":0},"end":{"line":11,"column":19}}},"fnMap":{},"branchMap":{},"s":{"0":2,"1":2,"2":2,"3":2,"4":2,"5":2,"6":2,"7":2},"f":{},"b":{},"_coverageSchema":"1a1c01bbd47fc00a2c39e90264f33305004495a9","hash":"c4aca0eb6d997b69ab0c22253966a7213f13e59a"}
,"E:\\IncuByte\\Sweet-shop-management\\backend\\src\\config\\prisma.js": {"path":"E:\\IncuByte\\Sweet-shop-management\\backend\\src\\config\\prisma.js","statementMap":{"0":{"start":{"line":1,"column":25},"end":{"line":1,"column":50}},"1":{"start":{"line":5,"column":15},"end":{"line":5,"column":50}},"2":{"start":{"line":7,"column":0},"end":{"line":9,"column":1}},"3":{"start":{"line":8,"column":2},"end":{"line":8,"column":25}},"4":{"start":{"line":11,"column":0},"end":{"line":11,"column":24}}},"fnMap":{},"branchMap":{"0":{"loc":{"start":{"line":5,"column":15},"end":{"line":5,"column":50}},"type":"binary-expr","locations":[{"start":{"line":5,"column":15},"end":{"line":5,"column":28}},{"start":{"line":5,"column":32},"end":{"line":5,"column":50}}],"line":5},"1":{"loc":{"start":{"line":7,"column":0},"end":{"line":9,"column":1}},"type":"if","locations":[{"start":{"line":7,"column":0},"end":{"line":9,"column":1}},{"start":{},"end":{}}],"line":7}},"s":{"0":4,"1":4,"2":4,"3":4,"4":4},"f":{},"b":{"0":[4,2],"1":[4,0]},"_coverageSchema":"1a1c01bbd47fc00a2c39e90264f33305004495a9","hash":"a5aa2dbe7a42d2ecab5eca6e16539e5f65881ea8"}
,"E:\\IncuByte\\Sweet-shop-management\\backend\\src\\controllers\\authController.js": {"path":"E:\\IncuByte\\Sweet-shop-management\\backend\\src\\controllers\\authController.js","statementMap":{"0":{"start":{"line":1,"column":18},"end":{"line":1,"column":52}},"1":{"start":{"line":3,"column":18},"end":{"line":6,"column":1}},"2":{"start":{"line":4,"column":21},"end":{"line":4,"column":68}},"3":{"start":{"line":5,"column":4},"end":{"line":5,"column":57}},"4":{"start":{"line":7,"column":15},"end":{"line":22,"column":5}},"5":{"start":{"line":8,"column":47},"end":{"line":8,"column":55}},"6":{"start":{"line":10,"column":4},"end":{"line":12,"column":5}},"7":{"start":{"line":11,"column":8},"end":{"line":11,"column":83}},"8":{"start":{"line":14,"column":4},"end":{"line":21,"column":9}},"9":{"start":{"line":15,"column":19},"end":{"line":16,"column":41}},"10":{"start":{"line":18,"column":12},"end":{"line":18,"column":80}},"11":{"start":{"line":20,"column":12},"end":{"line":20,"column":34}},"12":{"start":{"line":24,"column":16},"end":{"line":37,"column":5}},"13":{"start":{"line":25,"column":31},"end":{"line":25,"column":39}},"14":{"start":{"line":27,"column":8},"end":{"line":29,"column":9}},"15":{"start":{"line":28,"column":12},"end":{"line":28,"column":87}},"16":{"start":{"line":31,"column":8},"end":{"line":36,"column":9}},"17":{"start":{"line":32,"column":24},"end":{"line":32,"column":67}},"18":{"start":{"line":33,"column":12},"end":{"line":33,"column":69}},"19":{"start":{"line":35,"column":10},"end":{"line":35,"column":33}},"20":{"start":{"line":39,"column":4},"end":{"line":42,"column":6}}},"fnMap":{"0":{"name":"(anonymous_0)","decl":{"start":{"line":3,"column":18},"end":{"line":3,"column":19}},"loc":{"start":{"line":3,"column":31},"end":{"line":6,"column":1}},"line":3},"1":{"name":"(anonymous_1)","decl":{"start":{"line":7,"column":15},"end":{"line":7,"column":16}},"loc":{"start":{"line":7,"column":31},"end":{"line":22,"column":5}},"line":7},"2":{"name":"(anonymous_2)","decl":{"start":{"line":24,"column":16},"end":{"line":24,"column":17}},"loc":{"start":{"line":24,"column":32},"end":{"line":37,"column":5}},"line":24}},"branchMap":{"0":{"loc":{"start":{"line":4,"column":21},"end":{"line":4,"column":68}},"type":"cond-expr","locations":[{"start":{"line":4,"column":61},"end":{"line":4,"column":64}},{"start":{"line":4,"column":65},"end":{"line":4,"column":68}}],"line":4},"1":{"loc":{"start":{"line":10,"column":4},"end":{"line":12,"column":5}},"type":"if","locations":[{"start":{"line":10,"column":4},"end":{"line":12,"column":5}},{"start":{},"end":{}}],"line":10},"2":{"loc":{"start":{"line":10,"column":7},"end":{"line":10,"column":26}},"type":"binary-expr","locations":[{"start":{"line":10,"column":7},"end":{"line":10,"column":13}},{"start":{"line":10,"column":17},"end":{"line":10,"column":26}}],"line":10},"3":{"loc":{"start":{"line":27,"column":8},"end":{"line":29,"column":9}},"type":"if","locations":[{"start":{"line":27,"column":8},"end":{"line":29,"column":9}},{"start":{},"end":{}}],"line":27},"4":{"loc":{"start":{"line":27,"column":11},"end":{"line":27,"column":30}},"type":"binary-expr","locations":[{"start":{"line":27,"column":11},"end":{"line":27,"column":17}},{"start":{"line":27,"column":21},"end":{"line":27,"column":30}}],"line":27}},"s":{"0":2,"1":2,"2":0,"3":0,"4":2,"5":1,"6":1,"7":0,"8":1,"9":1,"10":1,"11":0,"12":2,"13":0,"14":0,"15":0,"16":0,"17":0,"18":0,"19":0,"20":2},"f":{"0":0,"1":1,"2":0},"b":{"0":[0,0],"1":[0,1],"2":[1,1],"3":[0,0],"4":[0,0]},"_coverageSchema":"1a1c01bbd47fc00a2c39e90264f33305004495a9","hash":"d914db788316068f20869eb1203cdd4483792d8d"}
,"E:\\IncuByte\\Sweet-shop-management\\backend\\src\\controllers\\sweetController.js": {"path":"E:\\IncuByte\\Sweet-shop-management\\backend\\src\\controllers\\sweetController.js","statementMap":{"0":{"start":{"line":1,"column":19},"end":{"line":1,"column":54}},"1":{"start":{"line":3,"column":15},"end":{"line":15,"column":1}},"2":{"start":{"line":4,"column":50},"end":{"line":4,"column":59}},"3":{"start":{"line":6,"column":4},"end":{"line":8,"column":5}},"4":{"start":{"line":7,"column":8},"end":{"line":7,"column":88}},"5":{"start":{"line":9,"column":4},"end":{"line":14,"column":5}},"6":{"start":{"line":10,"column":23},"end":{"line":10,"column":94}},"7":{"start":{"line":11,"column":8},"end":{"line":11,"column":82}},"8":{"start":{"line":13,"column":8},"end":{"line":13,"column":105}},"9":{"start":{"line":17,"column":0},"end":{"line":19,"column":2}}},"fnMap":{"0":{"name":"(anonymous_0)","decl":{"start":{"line":3,"column":15},"end":{"line":3,"column":16}},"loc":{"start":{"line":3,"column":31},"end":{"line":15,"column":1}},"line":3}},"branchMap":{"0":{"loc":{"start":{"line":6,"column":4},"end":{"line":8,"column":5}},"type":"if","locations":[{"start":{"line":6,"column":4},"end":{"line":8,"column":5}},{"start":{},"end":{}}],"line":6},"1":{"loc":{"start":{"line":6,"column":7},"end":{"line":6,"column":70}},"type":"binary-expr","locations":[{"start":{"line":6,"column":7},"end":{"line":6,"column":12}},{"start":{"line":6,"column":16},"end":{"line":6,"column":40}},{"start":{"line":6,"column":44},"end":{"line":6,"column":70}}],"line":6}},"s":{"0":2,"1":2,"2":0,"3":0,"4":0,"5":0,"6":0,"7":0,"8":0,"9":2},"f":{"0":0},"b":{"0":[0,0],"1":[0,0,0]},"_coverageSchema":"1a1c01bbd47fc00a2c39e90264f33305004495a9","hash":"6bc3e21816a7b6ed723235316b78d7a297bd7c76"}
,"E:\\IncuByte\\Sweet-shop-management\\backend\\src\\middleware\\authenticate.js": {"path":"E:\\IncuByte\\Sweet-shop-management\\backend\\src\\middleware\\authenticate.js","statementMap":{"0":{"start":{"line":1,"column":10},"end":{"line":1,"column":33}},"1":{"start":{"line":2,"column":13},"end":{"line":2,"column":40}},"2":{"start":{"line":4,"column":19},"end":{"line":27,"column":1}},"3":{"start":{"line":5,"column":21},"end":{"line":5,"column":46}},"4":{"start":{"line":7,"column":4},"end":{"line":9,"column":5}},"5":{"start":{"line":8,"column":8},"end":{"line":8,"column":81}},"6":{"start":{"line":10,"column":16},"end":{"line":10,"column":40}},"7":{"start":{"line":12,"column":4},"end":{"line":26,"column":5}},"8":{"start":{"line":13,"column":29},"end":{"line":13,"column":69}},"9":{"start":{"line":15,"column":19},"end":{"line":17,"column":10}},"10":{"start":{"line":19,"column":8},"end":{"line":21,"column":9}},"11":{"start":{"line":20,"column":12},"end":{"line":20,"column":81}},"12":{"start":{"line":22,"column":8},"end":{"line":22,"column":22}},"13":{"start":{"line":23,"column":8},"end":{"line":23,"column":15}},"14":{"start":{"line":25,"column":8},"end":{"line":25,"column":75}},"15":{"start":{"line":28,"column":0},"end":{"line":28,"column":28}}},"fnMap":{"0":{"name":"(anonymous_0)","decl":{"start":{"line":4,"column":19},"end":{"line":4,"column":20}},"loc":{"start":{"line":4,"column":40},"end":{"line":27,"column":1}},"line":4}},"branchMap":{"0":{"loc":{"start":{"line":7,"column":4},"end":{"line":9,"column":5}},"type":"if","locations":[{"start":{"line":7,"column":4},"end":{"line":9,"column":5}},{"start":{},"end":{}}],"line":7},"1":{"loc":{"start":{"line":7,"column":7},"end":{"line":7,"column":54}},"type":"binary-expr","locations":[{"start":{"line":7,"column":7},"end":{"line":7,"column":18}},{"start":{"line":7,"column":22},"end":{"line":7,"column":54}}],"line":7},"2":{"loc":{"start":{"line":19,"column":8},"end":{"line":21,"column":9}},"type":"if","locations":[{"start":{"line":19,"column":8},"end":{"line":21,"column":9}},{"start":{},"end":{}}],"line":19}},"s":{"0":2,"1":2,"2":2,"3":0,"4":0,"5":0,"6":0,"7":0,"8":0,"9":0,"10":0,"11":0,"12":0,"13":0,"14":0,"15":2},"f":{"0":0},"b":{"0":[0,0],"1":[0,0],"2":[0,0]},"_coverageSchema":"1a1c01bbd47fc00a2c39e90264f33305004495a9","hash":"ead2f96d2a21c5c2c2a3e44bb005e7795742c07c"}
,"E:\\IncuByte\\Sweet-shop-management\\backend\\src\\middleware\\authorize.js": {"path":"E:\\IncuByte\\Sweet-shop-management\\backend\\src\\middleware\\authorize.js","statementMap":{"0":{"start":{"line":1,"column":16},"end":{"line":11,"column":1}},"1":{"start":{"line":2,"column":4},"end":{"line":10,"column":6}},"2":{"start":{"line":3,"column":23},"end":{"line":3,"column":37}},"3":{"start":{"line":5,"column":8},"end":{"line":9,"column":9}},"4":{"start":{"line":6,"column":12},"end":{"line":6,"column":19}},"5":{"start":{"line":8,"column":12},"end":{"line":8,"column":108}},"6":{"start":{"line":12,"column":0},"end":{"line":12,"column":25}}},"fnMap":{"0":{"name":"(anonymous_0)","decl":{"start":{"line":1,"column":16},"end":{"line":1,"column":17}},"loc":{"start":{"line":1,"column":32},"end":{"line":11,"column":1}},"line":1},"1":{"name":"(anonymous_1)","decl":{"start":{"line":2,"column":10},"end":{"line":2,"column":11}},"loc":{"start":{"line":2,"column":26},"end":{"line":10,"column":5}},"line":2}},"branchMap":{"0":{"loc":{"start":{"line":5,"column":8},"end":{"line":9,"column":9}},"type":"if","locations":[{"start":{"line":5,"column":8},"end":{"line":9,"column":9}},{"start":{"line":7,"column":13},"end":{"line":9,"column":9}}],"line":5},"1":{"loc":{"start":{"line":5,"column":11},"end":{"line":5,"column":54}},"type":"binary-expr","locations":[{"start":{"line":5,"column":11},"end":{"line":5,"column":19}},{"start":{"line":5,"column":23},"end":{"line":5,"column":54}}],"line":5}},"s":{"0":2,"1":2,"2":0,"3":0,"4":0,"5":0,"6":2},"f":{"0":2,"1":0},"b":{"0":[0,0],"1":[0,0]},"_coverageSchema":"1a1c01bbd47fc00a2c39e90264f33305004495a9","hash":"02fe426977f964fbdc80b98fe6ff1e060f4e9e6f"}
,"E:\\IncuByte\\Sweet-shop-management\\backend\\src\\routes\\auth.js": {"path":"E:\\IncuByte\\Sweet-shop-management\\backend\\src\\routes\\auth.js","statementMap":{"0":{"start":{"line":1,"column":14},"end":{"line":1,"column":32}},"1":{"start":{"line":2,"column":13},"end":{"line":2,"column":29}},"2":{"start":{"line":4,"column":21},"end":{"line":4,"column":61}},"3":{"start":{"line":6,"column":0},"end":{"line":6,"column":49}},"4":{"start":{"line":8,"column":0},"end":{"line":8,"column":43}},"5":{"start":{"line":10,"column":0},"end":{"line":10,"column":22}}},"fnMap":{},"branchMap":{},"s":{"0":2,"1":2,"2":2,"3":2,"4":2,"5":2},"f":{},"b":{},"_coverageSchema":"1a1c01bbd47fc00a2c39e90264f33305004495a9","hash":"adb80daf8639d7e1c227d5f5e924be118b3b37cf"}
,"E:\\IncuByte\\Sweet-shop-management\\backend\\src\\routes\\sweets.js": {"path":"E:\\IncuByte\\Sweet-shop-management\\backend\\src\\routes\\sweets.js","statementMap":{"0":{"start":{"line":1,"column":14},"end":{"line":1,"column":32}},"1":{"start":{"line":2,"column":13},"end":{"line":2,"column":29}},"2":{"start":{"line":3,"column":22},"end":{"line":3,"column":63}},"3":{"start":{"line":4,"column":19},"end":{"line":4,"column":56}},"4":{"start":{"line":5,"column":16},"end":{"line":5,"column":50}},"5":{"start":{"line":7,"column":0},"end":{"line":7,"column":76}},"6":{"start":{"line":9,"column":0},"end":{"line":9,"column":22}}},"fnMap":{},"branchMap":{},"s":{"0":2,"1":2,"2":2,"3":2,"4":2,"5":2,"6":2},"f":{},"b":{},"_coverageSchema":"1a1c01bbd47fc00a2c39e90264f33305004495a9","hash":"bb12a53d21e73c17da313dd1f8e85395f8ba6331"}
,"E:\\IncuByte\\Sweet-shop-management\\backend\\src\\services\\authService.js": {"path":"E:\\IncuByte\\Sweet-shop-management\\backend\\src\\services\\authService.js","statementMap":{"0":{"start":{"line":1,"column":13},"end":{"line":1,"column":40}},"1":{"start":{"line":2,"column":13},"end":{"line":2,"column":32}},"2":{"start":{"line":3,"column":10},"end":{"line":3,"column":33}},"3":{"start":{"line":5,"column":19},"end":{"line":34,"column":1}},"4":{"start":{"line":6,"column":23},"end":{"line":6,"column":68}},"5":{"start":{"line":7,"column":4},"end":{"line":9,"column":5}},"6":{"start":{"line":8,"column":8},"end":{"line":8,"column":48}},"7":{"start":{"line":11,"column":17},"end":{"line":11,"column":35}},"8":{"start":{"line":13,"column":4},"end":{"line":20,"column":5}},"9":{"start":{"line":14,"column":8},"end":{"line":16,"column":9}},"10":{"start":{"line":15,"column":12},"end":{"line":15,"column":73}},"11":{"start":{"line":19,"column":8},"end":{"line":19,"column":28}},"12":{"start":{"line":23,"column":25},"end":{"line":23,"column":55}},"13":{"start":{"line":25,"column":15},"end":{"line":31,"column":6}},"14":{"start":{"line":32,"column":4},"end":{"line":32,"column":25}},"15":{"start":{"line":33,"column":4},"end":{"line":33,"column":16}},"16":{"start":{"line":37,"column":16},"end":{"line":54,"column":1}},"17":{"start":{"line":38,"column":15},"end":{"line":38,"column":60}},"18":{"start":{"line":39,"column":4},"end":{"line":41,"column":5}},"19":{"start":{"line":40,"column":8},"end":{"line":40,"column":47}},"20":{"start":{"line":43,"column":26},"end":{"line":43,"column":70}},"21":{"start":{"line":44,"column":4},"end":{"line":46,"column":5}},"22":{"start":{"line":45,"column":8},"end":{"line":45,"column":47}},"23":{"start":{"line":48,"column":16},"end":{"line":52,"column":5}},"24":{"start":{"line":53,"column":4},"end":{"line":53,"column":17}},"25":{"start":{"line":56,"column":0},"end":{"line":59,"column":2}}},"fnMap":{"0":{"name":"(anonymous_0)","decl":{"start":{"line":5,"column":19},"end":{"line":5,"column":20}},"loc":{"start":{"line":5,"column":78},"end":{"line":34,"column":1}},"line":5},"1":{"name":"(anonymous_1)","decl":{"start":{"line":37,"column":16},"end":{"line":37,"column":17}},"loc":{"start":{"line":37,"column":39},"end":{"line":54,"column":1}},"line":37}},"branchMap":{"0":{"loc":{"start":{"line":5,"column":40},"end":{"line":5,"column":55}},"type":"default-arg","locations":[{"start":{"line":5,"column":45},"end":{"line":5,"column":55}}],"line":5},"1":{"loc":{"start":{"line":5,"column":56},"end":{"line":5,"column":75}},"type":"default-arg","locations":[{"start":{"line":5,"column":71},"end":{"line":5,"column":75}}],"line":5},"2":{"loc":{"start":{"line":7,"column":4},"end":{"line":9,"column":5}},"type":"if","locations":[{"start":{"line":7,"column":4},"end":{"line":9,"column":5}},{"start":{},"end":{}}],"line":7},"3":{"loc":{"start":{"line":13,"column":4},"end":{"line":20,"column":5}},"type":"if","locations":[{"start":{"line":13,"column":4},"end":{"line":20,"column":5}},{"start":{"line":18,"column":8},"end":{"line":20,"column":5}}],"line":13},"4":{"loc":{"start":{"line":14,"column":8},"end":{"line":16,"column":9}},"type":"if","locations":[{"start":{"line":14,"column":8},"end":{"line":16,"column":9}},{"start":{},"end":{}}],"line":14},"5":{"loc":{"start":{"line":14,"column":11},"end":{"line":14,"column":74}},"type":"binary-expr","locations":[{"start":{"line":14,"column":11},"end":{"line":14,"column":26}},{"start":{"line":14,"column":30},"end":{"line":14,"column":74}}],"line":14},"6":{"loc":{"start":{"line":39,"column":4},"end":{"line":41,"column":5}},"type":"if","locations":[{"start":{"line":39,"column":4},"end":{"line":41,"column":5}},{"start":{},"end":{}}],"line":39},"7":{"loc":{"start":{"line":44,"column":4},"end":{"line":46,"column":5}},"type":"if","locations":[{"start":{"line":44,"column":4},"end":{"line":46,"column":5}},{"start":{},"end":{}}],"line":44}},"s":{"0":2,"1":2,"2":2,"3":2,"4":1,"5":1,"6":0,"7":1,"8":1,"9":0,"10":0,"11":1,"12":1,"13":1,"14":1,"15":1,"16":2,"17":0,"18":0,"19":0,"20":0,"21":0,"22":0,"23":0,"24":0,"25":2},"f":{"0":1,"1":0},"b":{"0":[1],"1":[1],"2":[0,1],"3":[0,1],"4":[0,0],"5":[0,0],"6":[0,0],"7":[0,0]},"_coverageSchema":"1a1c01bbd47fc00a2c39e90264f33305004495a9","hash":"77eb56072e88f216a4a3bd2a710ce21072d14daf"}
,"E:\\IncuByte\\Sweet-shop-management\\backend\\src\\services\\sweetService.js": {"path":"E:\\IncuByte\\Sweet-shop-management\\backend\\src\\services\\sweetService.js","statementMap":{"0":{"start":{"line":23,"column":13},"end":{"line":23,"column":40}},"1":{"start":{"line":25,"column":18},"end":{"line":38,"column":1}},"2":{"start":{"line":26,"column":50},"end":{"line":26,"column":59}},"3":{"start":{"line":28,"column":19},"end":{"line":36,"column":6}},"4":{"start":{"line":37,"column":4},"end":{"line":37,"column":20}},"5":{"start":{"line":40,"column":0},"end":{"line":42,"column":2}}},"fnMap":{"0":{"name":"(anonymous_0)","decl":{"start":{"line":25,"column":18},"end":{"line":25,"column":19}},"loc":{"start":{"line":25,"column":36},"end":{"line":38,"column":1}},"line":25}},"branchMap":{},"s":{"0":2,"1":2,"2":0,"3":0,"4":0,"5":2},"f":{"0":0},"b":{},"_coverageSchema":"1a1c01bbd47fc00a2c39e90264f33305004495a9","hash":"782d430c1839194da62ac26a00ed076d1855d061"}
}
