TN:
SF:src\app.js
FNF:0
FNH:0
DA:1,2
DA:2,2
DA:3,2
DA:4,2
DA:5,2
DA:7,2
DA:9,2
DA:11,2
LF:8
LH:8
BRF:0
BRH:0
end_of_record
TN:
SF:src\config\prisma.js
FNF:0
FNH:0
DA:1,2
DA:5,2
DA:7,2
DA:8,2
DA:11,2
LF:5
LH:5
BRDA:5,0,0,2
BRDA:5,0,1,2
BRDA:7,1,0,2
BRDA:7,1,1,0
BRF:4
BRH:3
end_of_record
TN:
SF:src\controllers\authController.js
FN:3,(anonymous_0)
FN:7,(anonymous_1)
FN:24,(anonymous_2)
FNF:3
FNH:1
FNDA:0,(anonymous_0)
FNDA:1,(anonymous_1)
FNDA:0,(anonymous_2)
DA:1,2
DA:3,2
DA:4,0
DA:5,0
DA:7,2
DA:8,1
DA:10,1
DA:11,0
DA:14,1
DA:15,1
DA:18,1
DA:20,0
DA:24,2
DA:25,0
DA:27,0
DA:28,0
DA:31,0
DA:32,0
DA:33,0
DA:35,0
DA:39,2
LF:21
LH:10
BRDA:4,0,0,0
BRDA:4,0,1,0
BRDA:10,1,0,0
BRDA:10,1,1,1
BRDA:10,2,0,1
BRDA:10,2,1,1
BRDA:27,3,0,0
BRDA:27,3,1,0
BRDA:27,4,0,0
BRDA:27,4,1,0
BRF:10
BRH:3
end_of_record
TN:
SF:src\controllers\sweetController.js
FN:27,(anonymous_0)
FN:42,(anonymous_1)
FN:52,(anonymous_2)
FN:62,(anonymous_3)
FN:76,(anonymous_4)
FN:86,(anonymous_5)
FN:96,(anonymous_6)
FN:110,(anonymous_7)
FNF:8
FNH:7
FNDA:1,(anonymous_0)
FNDA:1,(anonymous_1)
FNDA:2,(anonymous_2)
FNDA:0,(anonymous_3)
FNDA:1,(anonymous_4)
FNDA:1,(anonymous_5)
FNDA:2,(anonymous_6)
FNDA:1,(anonymous_7)
DA:24,2
DA:27,2
DA:28,1
DA:30,1
DA:31,1
DA:34,0
DA:35,0
DA:38,0
DA:42,2
DA:43,1
DA:44,1
DA:45,1
DA:47,0
DA:52,2
DA:53,2
DA:54,2
DA:55,2
DA:57,0
DA:62,2
DA:63,0
DA:64,0
DA:65,0
DA:66,0
DA:68,0
DA:69,0
DA:71,0
DA:76,2
DA:77,1
DA:78,1
DA:79,1
DA:81,0
DA:86,2
DA:87,1
DA:88,1
DA:89,1
DA:91,0
DA:96,2
DA:97,2
DA:98,2
DA:99,2
DA:100,0
DA:102,2
DA:103,1
DA:105,1
DA:110,2
DA:111,1
DA:112,1
DA:113,1
DA:114,0
DA:116,1
DA:117,1
DA:119,0
DA:123,2
LF:53
LH:36
BRDA:30,0,0,1
BRDA:30,0,1,0
BRDA:30,1,0,1
BRDA:30,1,1,0
BRDA:34,2,0,0
BRDA:34,2,1,0
BRDA:65,3,0,0
BRDA:65,3,1,0
BRDA:99,4,0,0
BRDA:99,4,1,2
BRDA:99,5,0,2
BRDA:99,5,1,2
BRDA:99,5,2,2
BRDA:113,6,0,0
BRDA:113,6,1,1
BRDA:113,7,0,1
BRDA:113,7,1,1
BRDA:113,7,2,1
BRF:18
BRH:10
end_of_record
TN:
SF:src\middleware\authenticate.js
FN:4,(anonymous_0)
FNF:1
FNH:0
FNDA:0,(anonymous_0)
DA:1,1
DA:2,1
DA:4,1
DA:5,0
DA:7,0
DA:8,0
DA:10,0
DA:12,0
DA:13,0
DA:15,0
DA:19,0
DA:20,0
DA:22,0
DA:23,0
DA:25,0
DA:28,1
LF:16
LH:4
BRDA:7,0,0,0
BRDA:7,0,1,0
BRDA:7,1,0,0
BRDA:7,1,1,0
BRDA:19,2,0,0
BRDA:19,2,1,0
BRF:6
BRH:0
end_of_record
TN:
SF:src\middleware\authorize.js
FN:1,(anonymous_0)
FN:2,(anonymous_1)
FNF:2
FNH:2
FNDA:8,(anonymous_0)
FNDA:6,(anonymous_1)
DA:1,2
DA:2,8
DA:3,6
DA:5,6
DA:6,4
DA:8,2
DA:12,2
LF:7
LH:7
BRDA:5,0,0,4
BRDA:5,0,1,2
BRDA:5,1,0,6
BRDA:5,1,1,5
BRF:4
BRH:4
end_of_record
TN:
SF:src\routes\auth.js
FNF:0
FNH:0
DA:1,2
DA:2,2
DA:4,2
DA:6,2
DA:8,2
DA:10,2
LF:6
LH:6
BRF:0
BRH:0
end_of_record
TN:
SF:src\routes\sweets.js
FNF:0
FNH:0
DA:14,2
DA:15,2
DA:16,2
DA:17,2
DA:18,2
DA:22,2
DA:26,2
DA:30,2
DA:34,2
DA:38,2
DA:42,2
DA:46,2
DA:48,2
LF:13
LH:13
BRF:0
BRH:0
end_of_record
TN:
SF:src\services\authService.js
FN:5,(anonymous_0)
FN:37,(anonymous_1)
FNF:2
FNH:1
FNDA:1,(anonymous_0)
FNDA:0,(anonymous_1)
DA:1,2
DA:2,2
DA:3,2
DA:5,2
DA:6,1
DA:7,1
DA:8,0
DA:11,1
DA:13,1
DA:14,0
DA:15,0
DA:19,1
DA:23,1
DA:25,1
DA:32,1
DA:33,1
DA:37,2
DA:38,0
DA:39,0
DA:40,0
DA:43,0
DA:44,0
DA:45,0
DA:48,0
DA:53,0
DA:56,2
LF:26
LH:15
BRDA:5,0,0,1
BRDA:5,1,0,1
BRDA:7,2,0,0
BRDA:7,2,1,1
BRDA:13,3,0,0
BRDA:13,3,1,1
BRDA:14,4,0,0
BRDA:14,4,1,0
BRDA:14,5,0,0
BRDA:14,5,1,0
BRDA:39,6,0,0
BRDA:39,6,1,0
BRDA:44,7,0,0
BRDA:44,7,1,0
BRF:14
BRH:4
end_of_record
TN:
SF:src\services\sweetService.js
FN:51,(anonymous_0)
FN:64,(anonymous_1)
FN:71,(anonymous_2)
FN:85,(anonymous_3)
FN:99,(anonymous_4)
FN:108,(anonymous_5)
FN:132,(anonymous_6)
FNF:7
FNH:6
FNDA:1,(anonymous_0)
FNDA:2,(anonymous_1)
FNDA:0,(anonymous_2)
FNDA:1,(anonymous_3)
FNDA:1,(anonymous_4)
FNDA:2,(anonymous_5)
FNDA:1,(anonymous_6)
DA:46,2
DA:51,2
DA:53,1
DA:58,1
DA:64,2
DA:65,2
DA:71,2
DA:72,0
DA:85,2
DA:86,1
DA:87,1
DA:88,1
DA:90,1
DA:99,2
DA:100,1
DA:108,2
DA:109,2
DA:111,2
DA:112,0
DA:115,2
DA:116,1
DA:119,1
DA:132,2
DA:133,1
DA:143,2
LF:25
LH:23
BRDA:87,0,0,1
BRDA:87,0,1,0
BRDA:88,1,0,1
BRDA:88,1,1,0
BRDA:111,2,0,0
BRDA:111,2,1,2
BRDA:115,3,0,1
BRDA:115,3,1,1
BRF:8
BRH:5
end_of_record
